[LOG] System::create                           : Header version = 2.00.00. Current version = 2.00.00.
[LOG] Manager::init                            : maxchannels = 256 studioflags = 00000006 flags 00000000 extradriverdata 0000000000000000.
[LOG] SystemI::init                            : Initialize version=20000 (101145), maxchannels=256, flags=0x00020000
[LOG] SystemI::setOutputInternal               : Setting output to 'FMOD WASAPI Output'
[LOG] OutputWASAPI::init                       : Mix Format (WAVEFORMATEX): wFormatTag=0xFFFE, nChannels=8, nSamplesPerSec=48000, nAvgBytesPerSec=1536000, nBlockAlign=32, wBitsPerSample=32, cbSize=22.
[LOG] OutputWASAPI::init                       : Mix Format (WAVEFORMATEXTENSIBLE): wValidBitsPerSample=32, dwChannelMask=0x0000063F, SubFormat=00000003-0000-0010-8000-00AA00389B71.
[LOG] OutputWASAPI::init                       : Output buffer size: 4096 samples, latency: 0.00ms, period: 10.00ms, DSP buffer: 1024 * 4
[LOG] DownMix::init                            : dspbuffersize: 1024  rate: 48000. output speaker mode: 7, input speaker mode 3
[LOG] DownMix::init                            : done.
[LOG] Thread::initThread                       : Init FMOD stream thread. Priority: 2, Stack Size: 65536, Semaphore: No, Sleep Time: 10, Looping: Yes.
[LOG] Thread::initThread                       : Init FMOD mixer thread. Priority: 3, Stack Size: 49152, Semaphore: No, Sleep Time: 0, Looping: Yes.
[LOG] AsyncManager::init                       : manager 0000000015E99AD8 isAsync 0 updatePeriod 0.02
[LOG] AsyncManager::init                       : done
[LOG] PlaybackSystem::init                     : 
[LOG] Thread::initThread                       : Init FMOD Studio sample load thread. Priority: 0, Stack Size: 65536, Semaphore: No, Sleep Time: 1, Looping: No.
[LOG] PlaybackSystem::init                     : done
[LOG] Thread::initThread                       : Init FMOD Studio bank load thread. Priority: 0, Stack Size: 65536, Semaphore: No, Sleep Time: 1, Looping: No.
[LOG] Manager::init                            : done.
[LOG] Manager::readBank                        : fileversion = 119, compatVersion = 119 (oldest = 44, newest = 119)
[LOG] SystemI::createSoundInternal             : Create name='', mode=0x02000202
[LOG] SystemI::createSoundInternal             : exinfo->cbsize             = 224
[LOG] SystemI::createSoundInternal             : exinfo->length             = 3813728
[LOG] SystemI::createSoundInternal             : exinfo->fileoffset         = 64480
[LOG] SystemI::createSoundInternal             : exinfo->numsubsounds       = 1
[LOG] SystemI::createSoundInternal             : exinfo->inclusionlist      = 0000000053A1F5FC
[LOG] SystemI::createSoundInternal             : exinfo->inclusionlistnum   = 1
[LOG] SystemI::createSoundInternal             : exinfo->suggestedsoundtype = 5
[LOG] SystemI::createSoundInternal             : exinfo->useropen           = 00007FFBD52F6550
[LOG] SystemI::createSoundInternal             : exinfo->userclose          = 00007FFBD52F6520
[LOG] SystemI::createSoundInternal             : exinfo->userread           = 00007FFBD52F6620
[LOG] SystemI::createSoundInternal             : exinfo->userseek           = 00007FFBD52F66E0
[LOG] SystemI::createSoundInternal             : exinfo->fileuserdata       = 000000000DA9FBB8
[LOG] SystemI::createSoundInternal             : exinfo->initialseekpostype = 1
[LOG] SystemI::DSPCodecPoolRegister            : register codec pool for pool type 5
[LOG] SystemI::createSoundInternal             : Sample 0/1: name='Sfx_footsteps_Carpet-002', format=2, channels=2, frequency=48000, lengthbytes=2912, lengthpcm=14402, pcmblocksize=0, loopstart=0, loopend=0, mode=0x00000000, channelmask=0x00000000, channelorder=0, peakvolume=0.098231.
[LOG] SystemI::createSoundInternal             : Create name='', mode=0x02000202
[LOG] SystemI::createSoundInternal             : exinfo->cbsize             = 224
[LOG] SystemI::createSoundInternal             : exinfo->length             = 3813728
[LOG] SystemI::createSoundInternal             : exinfo->fileoffset         = 64480
[LOG] SystemI::createSoundInternal             : exinfo->numsubsounds       = 1
[LOG] SystemI::createSoundInternal             : exinfo->inclusionlist      = 0000000053A1F5FC
[LOG] SystemI::createSoundInternal             : exinfo->inclusionlistnum   = 1
[LOG] SystemI::createSoundInternal             : exinfo->suggestedsoundtype = 5
[LOG] SystemI::createSoundInternal             : exinfo->useropen           = 00007FFBD52F6550
[LOG] SystemI::createSoundInternal             : exinfo->userclose          = 00007FFBD52F6520
[LOG] SystemI::createSoundInternal             : exinfo->userread           = 00007FFBD52F6620
[LOG] SystemI::createSoundInternal             : exinfo->userseek           = 00007FFBD52F66E0
[LOG] SystemI::createSoundInternal             : exinfo->fileuserdata       = 000000000DA9FBB8
[LOG] SystemI::createSoundInternal             : exinfo->initialseekpostype = 1
[LOG] SystemI::DSPCodecPoolRegister            : register codec pool for pool type 5
[LOG] SystemI::createSoundInternal             : Sample 0/1: name='Sfx_footsteps_Vinyle-001', format=2, channels=2, frequency=48000, lengthbytes=4096, lengthpcm=19706, pcmblocksize=0, loopstart=0, loopend=0, mode=0x00000000, channelmask=0x00000000, channelorder=0, peakvolume=0.089477.
[LOG] SystemI::createSoundInternal             : Create name='', mode=0x02000202
[LOG] SystemI::createSoundInternal             : exinfo->cbsize             = 224
[LOG] SystemI::createSoundInternal             : exinfo->length             = 3813728
[LOG] SystemI::createSoundInternal             : exinfo->fileoffset         = 64480
[LOG] SystemI::createSoundInternal             : exinfo->numsubsounds       = 1
[LOG] SystemI::createSoundInternal             : exinfo->inclusionlist      = 0000000053A1F5FC
[LOG] SystemI::createSoundInternal             : exinfo->inclusionlistnum   = 1
[LOG] SystemI::createSoundInternal             : exinfo->suggestedsoundtype = 5
[LOG] SystemI::createSoundInternal             : exinfo->useropen           = 00007FFBD52F6550
[LOG] SystemI::createSoundInternal             : exinfo->userclose          = 00007FFBD52F6520
[LOG] SystemI::createSoundInternal             : exinfo->userread           = 00007FFBD52F6620
[LOG] SystemI::createSoundInternal             : exinfo->userseek           = 00007FFBD52F66E0
[LOG] SystemI::createSoundInternal             : exinfo->fileuserdata       = 000000000DA9FBB8
[LOG] SystemI::createSoundInternal             : exinfo->initialseekpostype = 1
[LOG] SystemI::DSPCodecPoolRegister            : register codec pool for pool type 5
[LOG] SystemI::createSoundInternal             : Sample 0/1: name='Sfx_footsteps_concrete-007', format=2, channels=2, frequency=48000, lengthbytes=3136, lengthpcm=13405, pcmblocksize=0, loopstart=0, loopend=0, mode=0x00000000, channelmask=0x00000000, channelorder=0, peakvolume=0.117047.
[LOG] SystemI::createSoundInternal             : Create name='', mode=0x02000202
[LOG] SystemI::createSoundInternal             : exinfo->cbsize             = 224
[LOG] SystemI::createSoundInternal             : exinfo->length             = 3813728
[LOG] SystemI::createSoundInternal             : exinfo->fileoffset         = 64480
[LOG] SystemI::createSoundInternal             : exinfo->numsubsounds       = 1
[LOG] SystemI::createSoundInternal             : exinfo->inclusionlist      = 0000000053A1F5FC
[LOG] SystemI::createSoundInternal             : exinfo->inclusionlistnum   = 1
[LOG] SystemI::createSoundInternal             : exinfo->suggestedsoundtype = 5
[LOG] SystemI::createSoundInternal             : exinfo->useropen           = 00007FFBD52F6550
[LOG] SystemI::createSoundInternal             : exinfo->userclose          = 00007FFBD52F6520
[LOG] SystemI::createSoundInternal             : exinfo->userread           = 00007FFBD52F6620
[LOG] SystemI::createSoundInternal             : exinfo->userseek           = 00007FFBD52F66E0
[LOG] SystemI::createSoundInternal             : exinfo->fileuserdata       = 000000000DA9FBB8
[LOG] SystemI::createSoundInternal             : exinfo->initialseekpostype = 1
[LOG] SystemI::DSPCodecPoolRegister            : register codec pool for pool type 5
[LOG] SystemI::createSoundInternal             : Sample 0/1: name='Sfx_footsteps_Metal-005', format=2, channels=2, frequency=48000, lengthbytes=2560, lengthpcm=12985, pcmblocksize=0, loopstart=0, loopend=0, mode=0x00000000, channelmask=0x00000000, channelorder=0, peakvolume=0.060255.
[LOG] SystemI::createSoundInternal             : Create name='', mode=0x02000202
[LOG] SystemI::createSoundInternal             : exinfo->cbsize             = 224
[LOG] SystemI::createSoundInternal             : exinfo->length             = 3813728
[LOG] SystemI::createSoundInternal             : exinfo->fileoffset         = 64480
[LOG] SystemI::createSoundInternal             : exinfo->numsubsounds       = 1
[LOG] SystemI::createSoundInternal             : exinfo->inclusionlist      = 0000000053A1F5FC
[LOG] SystemI::createSoundInternal             : exinfo->inclusionlistnum   = 1
[LOG] SystemI::createSoundInternal             : exinfo->suggestedsoundtype = 5
[LOG] SystemI::createSoundInternal             : exinfo->useropen           = 00007FFBD52F6550
[LOG] SystemI::createSoundInternal             : exinfo->userclose          = 00007FFBD52F6520
[LOG] SystemI::createSoundInternal             : exinfo->userread           = 00007FFBD52F6620
[LOG] SystemI::createSoundInternal             : exinfo->userseek           = 00007FFBD52F66E0
[LOG] SystemI::createSoundInternal             : exinfo->fileuserdata       = 000000000DA9FBB8
[LOG] SystemI::createSoundInternal             : exinfo->initialseekpostype = 1
[LOG] SystemI::DSPCodecPoolRegister            : register codec pool for pool type 5
[LOG] SystemI::createSoundInternal             : Sample 0/1: name='Sfx_footsteps_concrete-005', format=2, channels=2, frequency=48000, lengthbytes=2752, lengthpcm=12496, pcmblocksize=0, loopstart=0, loopend=0, mode=0x00000000, channelmask=0x00000000, channelorder=0, peakvolume=0.183601.
[LOG] SystemI::createSoundInternal             : Create name='', mode=0x02000202
[LOG] SystemI::createSoundInternal             : exinfo->cbsize             = 224
[LOG] SystemI::createSoundInternal             : exinfo->length             = 3813728
[LOG] SystemI::createSoundInternal             : exinfo->fileoffset         = 64480
[LOG] SystemI::createSoundInternal             : exinfo->numsubsounds       = 1
[LOG] SystemI::createSoundInternal             : exinfo->inclusionlist      = 0000000053A1F5FC
[LOG] SystemI::createSoundInternal             : exinfo->inclusionlistnum   = 1
[LOG] SystemI::createSoundInternal             : exinfo->suggestedsoundtype = 5
[LOG] SystemI::createSoundInternal             : exinfo->useropen           = 00007FFBD52F6550
[LOG] SystemI::createSoundInternal             : exinfo->userclose          = 00007FFBD52F6520
[LOG] SystemI::createSoundInternal             : exinfo->userread           = 00007FFBD52F6620
[LOG] SystemI::createSoundInternal             : exinfo->userseek           = 00007FFBD52F66E0
[LOG] SystemI::createSoundInternal             : exinfo->fileuserdata       = 000000000DA9FBB8
[LOG] SystemI::createSoundInternal             : exinfo->initialseekpostype = 1
[LOG] SystemI::DSPCodecPoolRegister            : register codec pool for pool type 5
[LOG] SystemI::createSoundInternal             : Sample 0/1: name='Sfx_footsteps_Vinyle-002', format=2, channels=2, frequency=48000, lengthbytes=4256, lengthpcm=20644, pcmblocksize=0, loopstart=0, loopend=0, mode=0x00000000, channelmask=0x00000000, channelorder=0, peakvolume=0.130566.
[LOG] SystemI::createSoundInternal             : Create name='', mode=0x02000202
[LOG] SystemI::createSoundInternal             : exinfo->cbsize             = 224
[LOG] SystemI::createSoundInternal             : exinfo->length             = 3813728
[LOG] SystemI::createSoundInternal             : exinfo->fileoffset         = 64480
[LOG] SystemI::createSoundInternal             : exinfo->numsubsounds       = 1
[LOG] SystemI::createSoundInternal             : exinfo->inclusionlist      = 0000000053A1F5FC
[LOG] SystemI::createSoundInternal             : exinfo->inclusionlistnum   = 1
[LOG] SystemI::createSoundInternal             : exinfo->suggestedsoundtype = 5
[LOG] SystemI::createSoundInternal             : exinfo->useropen           = 00007FFBD52F6550
[LOG] SystemI::createSoundInternal             : exinfo->userclose          = 00007FFBD52F6520
[LOG] SystemI::createSoundInternal             : exinfo->userread           = 00007FFBD52F6620
[LOG] SystemI::createSoundInternal             : exinfo->userseek           = 00007FFBD52F66E0
[LOG] SystemI::createSoundInternal             : exinfo->fileuserdata       = 000000000DA9FBB8
[LOG] SystemI::createSoundInternal             : exinfo->initialseekpostype = 1
[LOG] SystemI::DSPCodecPoolRegister            : register codec pool for pool type 5
[LOG] SystemI::createSoundInternal             : Sample 0/1: name='Sfx_footsteps_Vinyle-005', format=2, channels=2, frequency=48000, lengthbytes=3584, lengthpcm=17355, pcmblocksize=0, loopstart=0, loopend=0, mode=0x00000000, channelmask=0x00000000, channelorder=0, peakvolume=0.067873.
[LOG] SystemI::createSoundInternal             : Create name='', mode=0x02000202
[LOG] SystemI::createSoundInternal             : exinfo->cbsize             = 224
[LOG] SystemI::createSoundInternal             : exinfo->length             = 3813728
[LOG] SystemI::createSoundInternal             : exinfo->fileoffset         = 64480
[LOG] SystemI::createSoundInternal             : exinfo->numsubsounds       = 1
[LOG] SystemI::createSoundInternal             : exinfo->inclusionlist      = 0000000053A1F5FC
[LOG] SystemI::createSoundInternal             : exinfo->inclusionlistnum   = 1
[LOG] SystemI::createSoundInternal             : exinfo->suggestedsoundtype = 5
[LOG] SystemI::createSoundInternal             : exinfo->useropen           = 00007FFBD52F6550
[LOG] SystemI::createSoundInternal             : exinfo->userclose          = 00007FFBD52F6520
[LOG] SystemI::createSoundInternal             : exinfo->userread           = 00007FFBD52F6620
[LOG] SystemI::createSoundInternal             : exinfo->userseek           = 00007FFBD52F66E0
[LOG] SystemI::createSoundInternal             : exinfo->fileuserdata       = 000000000DA9FBB8
[LOG] SystemI::createSoundInternal             : exinfo->initialseekpostype = 1
[LOG] SystemI::DSPCodecPoolRegister            : register codec pool for pool type 5
[LOG] SystemI::createSoundInternal             : Sample 0/1: name='Sfx_footsteps_Metal-003', format=2, channels=2, frequency=48000, lengthbytes=2080, lengthpcm=9000, pcmblocksize=0, loopstart=0, loopend=0, mode=0x00000000, channelmask=0x00000000, channelorder=0, peakvolume=0.024043.
[LOG] SystemI::createSoundInternal             : Create name='', mode=0x02000202
[LOG] SystemI::createSoundInternal             : exinfo->cbsize             = 224
[LOG] SystemI::createSoundInternal             : exinfo->length             = 3813728
[LOG] SystemI::createSoundInternal             : exinfo->fileoffset         = 64480
[LOG] SystemI::createSoundInternal             : exinfo->numsubsounds       = 1
[LOG] SystemI::createSoundInternal             : exinfo->inclusionlist      = 0000000053A1F5FC
[LOG] SystemI::createSoundInternal             : exinfo->inclusionlistnum   = 1
[LOG] SystemI::createSoundInternal             : exinfo->suggestedsoundtype = 5
[LOG] SystemI::createSoundInternal             : exinfo->useropen           = 00007FFBD52F6550
[LOG] SystemI::createSoundInternal             : exinfo->userclose          = 00007FFBD52F6520
[LOG] SystemI::createSoundInternal             : exinfo->userread           = 00007FFBD52F6620
[LOG] SystemI::createSoundInternal             : exinfo->userseek           = 00007FFBD52F66E0
[LOG] SystemI::createSoundInternal             : exinfo->fileuserdata       = 000000000DA9FBB8
[LOG] SystemI::createSoundInternal             : exinfo->initialseekpostype = 1
[LOG] SystemI::DSPCodecPoolRegister            : register codec pool for pool type 5
[LOG] SystemI::createSoundInternal             : Sample 0/1: name='Sfx_footsteps_concrete-006', format=2, channels=2, frequency=48000, lengthbytes=3104, lengthpcm=13035, pcmblocksize=0, loopstart=0, loopend=0, mode=0x00000000, channelmask=0x00000000, channelorder=0, peakvolume=0.168263.
[LOG] SystemI::createSoundInternal             : Create name='', mode=0x02000202
[LOG] SystemI::createSoundInternal             : exinfo->cbsize             = 224
[LOG] SystemI::createSoundInternal             : exinfo->length             = 3813728
[LOG] SystemI::createSoundInternal             : exinfo->fileoffset         = 64480
[LOG] SystemI::createSoundInternal             : exinfo->numsubsounds       = 1
[LOG] SystemI::createSoundInternal             : exinfo->inclusionlist      = 0000000053A1F5FC
[LOG] SystemI::createSoundInternal             : exinfo->inclusionlistnum   = 1
[LOG] SystemI::createSoundInternal             : exinfo->suggestedsoundtype = 5
[LOG] SystemI::createSoundInternal             : exinfo->useropen           = 00007FFBD52F6550
[LOG] SystemI::createSoundInternal             : exinfo->userclose          = 00007FFBD52F6520
[LOG] SystemI::createSoundInternal             : exinfo->userread           = 00007FFBD52F6620
[LOG] SystemI::createSoundInternal             : exinfo->userseek           = 00007FFBD52F66E0
[LOG] SystemI::createSoundInternal             : exinfo->fileuserdata       = 000000000DA9FBB8
[LOG] SystemI::createSoundInternal             : exinfo->initialseekpostype = 1
[LOG] SystemI::DSPCodecPoolRegister            : register codec pool for pool type 5
[LOG] SystemI::createSoundInternal             : Sample 0/1: name='Sfx_footsteps_Metal-006', format=2, channels=2, frequency=48000, lengthbytes=1920, lengthpcm=9280, pcmblocksize=0, loopstart=0, loopend=0, mode=0x00000000, channelmask=0x00000000, channelorder=0, peakvolume=0.052788.
[LOG] SystemI::createSoundInternal             : Create name='', mode=0x02000202
[LOG] SystemI::createSoundInternal             : exinfo->cbsize             = 224
[LOG] SystemI::createSoundInternal             : exinfo->length             = 3813728
[LOG] SystemI::createSoundInternal             : exinfo->fileoffset         = 64480
[LOG] SystemI::createSoundInternal             : exinfo->numsubsounds       = 1
[LOG] SystemI::createSoundInternal             : exinfo->inclusionlist      = 0000000053A1F5FC
[LOG] SystemI::createSoundInternal             : exinfo->inclusionlistnum   = 1
[LOG] SystemI::createSoundInternal             : exinfo->suggestedsoundtype = 5
[LOG] SystemI::createSoundInternal             : exinfo->useropen           = 00007FFBD52F6550
[LOG] SystemI::createSoundInternal             : exinfo->userclose          = 00007FFBD52F6520
[LOG] SystemI::createSoundInternal             : exinfo->userread           = 00007FFBD52F6620
[LOG] SystemI::createSoundInternal             : exinfo->userseek           = 00007FFBD52F66E0
[LOG] SystemI::createSoundInternal             : exinfo->fileuserdata       = 000000000DA9FBB8
[LOG] SystemI::createSoundInternal             : exinfo->initialseekpostype = 1
[LOG] SystemI::DSPCodecPoolRegister            : register codec pool for pool type 5
[LOG] SystemI::createSoundInternal             : Sample 0/1: name='Sfx_footsteps_concrete-004', format=2, channels=2, frequency=48000, lengthbytes=2464, lengthpcm=10872, pcmblocksize=0, loopstart=0, loopend=0, mode=0x00000000, channelmask=0x00000000, channelorder=0, peakvolume=0.147450.
[LOG] SystemI::createSoundInternal             : Create name='', mode=0x02000202
[LOG] SystemI::createSoundInternal             : exinfo->cbsize             = 224
[LOG] SystemI::createSoundInternal             : exinfo->length             = 3813728
[LOG] SystemI::createSoundInternal             : exinfo->fileoffset         = 64480
[LOG] SystemI::createSoundInternal             : exinfo->numsubsounds       = 1
[LOG] SystemI::createSoundInternal             : exinfo->inclusionlist      = 0000000053A1F5FC
[LOG] SystemI::createSoundInternal             : exinfo->inclusionlistnum   = 1
[LOG] SystemI::createSoundInternal             : exinfo->suggestedsoundtype = 5
[LOG] SystemI::createSoundInternal             : exinfo->useropen           = 00007FFBD52F6550
[LOG] SystemI::createSoundInternal             : exinfo->userclose          = 00007FFBD52F6520
[LOG] SystemI::createSoundInternal             : exinfo->userread           = 00007FFBD52F6620
[LOG] SystemI::createSoundInternal             : exinfo->userseek           = 00007FFBD52F66E0
[LOG] SystemI::createSoundInternal             : exinfo->fileuserdata       = 000000000DA9FBB8
[LOG] SystemI::createSoundInternal             : exinfo->initialseekpostype = 1
[LOG] SystemI::DSPCodecPoolRegister            : register codec pool for pool type 5
[LOG] SystemI::createSoundInternal             : Sample 0/1: name='Sfx_footsteps_Vinyle-003', format=2, channels=2, frequency=48000, lengthbytes=4768, lengthpcm=23385, pcmblocksize=0, loopstart=0, loopend=0, mode=0x00000000, channelmask=0x00000000, channelorder=0, peakvolume=0.120187.
[LOG] SystemI::createSoundInternal             : Create name='', mode=0x02000202
[LOG] SystemI::createSoundInternal             : exinfo->cbsize             = 224
[LOG] SystemI::createSoundInternal             : exinfo->length             = 3813728
[LOG] SystemI::createSoundInternal             : exinfo->fileoffset         = 64480
[LOG] SystemI::createSoundInternal             : exinfo->numsubsounds       = 1
[LOG] SystemI::createSoundInternal             : exinfo->inclusionlist      = 0000000053A1F5FC
[LOG] SystemI::createSoundInternal             : exinfo->inclusionlistnum   = 1
[LOG] SystemI::createSoundInternal             : exinfo->suggestedsoundtype = 5
[LOG] SystemI::createSoundInternal             : exinfo->useropen           = 00007FFBD52F6550
[LOG] SystemI::createSoundInternal             : exinfo->userclose          = 00007FFBD52F6520
[LOG] SystemI::createSoundInternal             : exinfo->userread           = 00007FFBD52F6620
[LOG] SystemI::createSoundInternal             : exinfo->userseek           = 00007FFBD52F66E0
[LOG] SystemI::createSoundInternal             : exinfo->fileuserdata       = 000000000DA9FBB8
[LOG] SystemI::createSoundInternal             : exinfo->initialseekpostype = 1
[LOG] SystemI::DSPCodecPoolRegister            : register codec pool for pool type 5
[LOG] SystemI::createSoundInternal             : Sample 0/1: name='Sfx_footsteps_concrete-001', format=2, channels=2, frequency=48000, lengthbytes=2944, lengthpcm=12438, pcmblocksize=0, loopstart=0, loopend=0, mode=0x00000000, channelmask=0x00000000, channelorder=0, peakvolume=0.120902.
[LOG] SystemI::createSoundInternal             : Create name='', mode=0x02000202
[LOG] SystemI::createSoundInternal             : exinfo->cbsize             = 224
[LOG] SystemI::createSoundInternal             : exinfo->length             = 3813728
[LOG] SystemI::createSoundInternal             : exinfo->fileoffset         = 64480
[LOG] SystemI::createSoundInternal             : exinfo->numsubsounds       = 1
[LOG] SystemI::createSoundInternal             : exinfo->inclusionlist      = 0000000053A1F5FC
[LOG] SystemI::createSoundInternal             : exinfo->inclusionlistnum   = 1
[LOG] SystemI::createSoundInternal             : exinfo->suggestedsoundtype = 5
[LOG] SystemI::createSoundInternal             : exinfo->useropen           = 00007FFBD52F6550
[LOG] SystemI::createSoundInternal             : exinfo->userclose          = 00007FFBD52F6520
[LOG] SystemI::createSoundInternal             : exinfo->userread           = 00007FFBD52F6620
[LOG] SystemI::createSoundInternal             : exinfo->userseek           = 00007FFBD52F66E0
[LOG] SystemI::createSoundInternal             : exinfo->fileuserdata       = 000000000DA9FBB8
[LOG] SystemI::createSoundInternal             : exinfo->initialseekpostype = 1
[LOG] SystemI::DSPCodecPoolRegister            : register codec pool for pool type 5
[LOG] SystemI::createSoundInternal             : Sample 0/1: name='Sfx_footsteps_concrete-003', format=2, channels=2, frequency=48000, lengthbytes=2464, lengthpcm=10637, pcmblocksize=0, loopstart=0, loopend=0, mode=0x00000000, channelmask=0x00000000, channelorder=0, peakvolume=0.116679.
[LOG] SystemI::createSoundInternal             : Create name='', mode=0x02000202
[LOG] SystemI::createSoundInternal             : exinfo->cbsize             = 224
[LOG] SystemI::createSoundInternal             : exinfo->length             = 3813728
[LOG] SystemI::createSoundInternal             : exinfo->fileoffset         = 64480
[LOG] SystemI::createSoundInternal             : exinfo->numsubsounds       = 1
[LOG] SystemI::createSoundInternal             : exinfo->inclusionlist      = 0000000053A1F5FC
[LOG] SystemI::createSoundInternal             : exinfo->inclusionlistnum   = 1
[LOG] SystemI::createSoundInternal             : exinfo->suggestedsoundtype = 5
[LOG] SystemI::createSoundInternal             : exinfo->useropen           = 00007FFBD52F6550
[LOG] SystemI::createSoundInternal             : exinfo->userclose          = 00007FFBD52F6520
[LOG] SystemI::createSoundInternal             : exinfo->userread           = 00007FFBD52F6620
[LOG] SystemI::createSoundInternal             : exinfo->userseek           = 00007FFBD52F66E0
[LOG] SystemI::createSoundInternal             : exinfo->fileuserdata       = 000000000DA9FBB8
[LOG] SystemI::createSoundInternal             : exinfo->initialseekpostype = 1
[LOG] SystemI::DSPCodecPoolRegister            : register codec pool for pool type 5
[LOG] SystemI::createSoundInternal             : Sample 0/1: name='Sfx_footsteps_Carpet-004', format=2, channels=2, frequency=48000, lengthbytes=2112, lengthpcm=10618, pcmblocksize=0, loopstart=0, loopend=0, mode=0x00000000, channelmask=0x00000000, channelorder=0, peakvolume=0.092439.
[LOG] SystemI::createSoundInternal             : Create name='', mode=0x02000202
[LOG] SystemI::createSoundInternal             : exinfo->cbsize             = 224
[LOG] SystemI::createSoundInternal             : exinfo->length             = 3813728
[LOG] SystemI::createSoundInternal             : exinfo->fileoffset         = 64480
[LOG] SystemI::createSoundInternal             : exinfo->numsubsounds       = 1
[LOG] SystemI::createSoundInternal             : exinfo->inclusionlist      = 0000000053A1F5FC
[LOG] SystemI::createSoundInternal             : exinfo->inclusionlistnum   = 1
[LOG] SystemI::createSoundInternal             : exinfo->suggestedsoundtype = 5
[LOG] SystemI::createSoundInternal             : exinfo->useropen           = 00007FFBD52F6550
[LOG] SystemI::createSoundInternal             : exinfo->userclose          = 00007FFBD52F6520
[LOG] SystemI::createSoundInternal             : exinfo->userread           = 00007FFBD52F6620
[LOG] SystemI::createSoundInternal             : exinfo->userseek           = 00007FFBD52F66E0
[LOG] SystemI::createSoundInternal             : exinfo->fileuserdata       = 000000000DA9FBB8
[LOG] SystemI::createSoundInternal             : exinfo->initialseekpostype = 1
[LOG] SystemI::DSPCodecPoolRegister            : register codec pool for pool type 5
[LOG] SystemI::createSoundInternal             : Sample 0/1: name='Sfx_footsteps_Vinyle-004', format=2, channels=2, frequency=48000, lengthbytes=3168, lengthpcm=14917, pcmblocksize=0, loopstart=0, loopend=0, mode=0x00000000, channelmask=0x00000000, channelorder=0, peakvolume=0.109801.
[LOG] SystemI::createSoundInternal             : Create name='', mode=0x02000202
[LOG] SystemI::createSoundInternal             : exinfo->cbsize             = 224
[LOG] SystemI::createSoundInternal             : exinfo->length             = 3813728
[LOG] SystemI::createSoundInternal             : exinfo->fileoffset         = 64480
[LOG] SystemI::createSoundInternal             : exinfo->numsubsounds       = 1
[LOG] SystemI::createSoundInternal             : exinfo->inclusionlist      = 0000000053A1F5FC
[LOG] SystemI::createSoundInternal             : exinfo->inclusionlistnum   = 1
[LOG] SystemI::createSoundInternal             : exinfo->suggestedsoundtype = 5
[LOG] SystemI::createSoundInternal             : exinfo->useropen           = 00007FFBD52F6550
[LOG] SystemI::createSoundInternal             : exinfo->userclose          = 00007FFBD52F6520
[LOG] SystemI::createSoundInternal             : exinfo->userread           = 00007FFBD52F6620
[LOG] SystemI::createSoundInternal             : exinfo->userseek           = 00007FFBD52F66E0
[LOG] SystemI::createSoundInternal             : exinfo->fileuserdata       = 000000000DA9FBB8
[LOG] SystemI::createSoundInternal             : exinfo->initialseekpostype = 1
[LOG] SystemI::DSPCodecPoolRegister            : register codec pool for pool type 5
[LOG] SystemI::createSoundInternal             : Sample 0/1: name='Sfx_footsteps_Carpet-001', format=2, channels=2, frequency=48000, lengthbytes=3360, lengthpcm=17254, pcmblocksize=0, loopstart=0, loopend=0, mode=0x00000000, channelmask=0x00000000, channelorder=0, peakvolume=0.058419.
[LOG] SystemI::createSoundInternal             : Create name='', mode=0x02000202
[LOG] SystemI::createSoundInternal             : exinfo->cbsize             = 224
[LOG] SystemI::createSoundInternal             : exinfo->length             = 3813728
[LOG] SystemI::createSoundInternal             : exinfo->fileoffset         = 64480
[LOG] SystemI::createSoundInternal             : exinfo->numsubsounds       = 1
[LOG] SystemI::createSoundInternal             : exinfo->inclusionlist      = 0000000053A1F5FC
[LOG] SystemI::createSoundInternal             : exinfo->inclusionlistnum   = 1
[LOG] SystemI::createSoundInternal             : exinfo->suggestedsoundtype = 5
[LOG] SystemI::createSoundInternal             : exinfo->useropen           = 00007FFBD52F6550
[LOG] SystemI::createSoundInternal             : exinfo->userclose          = 00007FFBD52F6520
[LOG] SystemI::createSoundInternal             : exinfo->userread           = 00007FFBD52F6620
[LOG] SystemI::createSoundInternal             : exinfo->userseek           = 00007FFBD52F66E0
[LOG] SystemI::createSoundInternal             : exinfo->fileuserdata       = 000000000DA9FBB8
[LOG] SystemI::createSoundInternal             : exinfo->initialseekpostype = 1
[LOG] SystemI::DSPCodecPoolRegister            : register codec pool for pool type 5
[LOG] SystemI::createSoundInternal             : Sample 0/1: name='Sfx_footsteps_Metal-001', format=2, channels=2, frequency=48000, lengthbytes=2432, lengthpcm=11391, pcmblocksize=0, loopstart=0, loopend=0, mode=0x00000000, channelmask=0x00000000, channelorder=0, peakvolume=0.044987.
[LOG] SystemI::createSoundInternal             : Create name='', mode=0x02000202
[LOG] SystemI::createSoundInternal             : exinfo->cbsize             = 224
[LOG] SystemI::createSoundInternal             : exinfo->length             = 3813728
[LOG] SystemI::createSoundInternal             : exinfo->fileoffset         = 64480
[LOG] SystemI::createSoundInternal             : exinfo->numsubsounds       = 1
[LOG] SystemI::createSoundInternal             : exinfo->inclusionlist      = 0000000053A1F5FC
[LOG] SystemI::createSoundInternal             : exinfo->inclusionlistnum   = 1
[LOG] SystemI::createSoundInternal             : exinfo->suggestedsoundtype = 5
[LOG] SystemI::createSoundInternal             : exinfo->useropen           = 00007FFBD52F6550
[LOG] SystemI::createSoundInternal             : exinfo->userclose          = 00007FFBD52F6520
[LOG] SystemI::createSoundInternal             : exinfo->userread           = 00007FFBD52F6620
[LOG] SystemI::createSoundInternal             : exinfo->userseek           = 00007FFBD52F66E0
[LOG] SystemI::createSoundInternal             : exinfo->fileuserdata       = 000000000DA9FBB8
[LOG] SystemI::createSoundInternal             : exinfo->initialseekpostype = 1
[LOG] SystemI::DSPCodecPoolRegister            : register codec pool for pool type 5
[LOG] SystemI::createSoundInternal             : Sample 0/1: name='Sfx_footsteps_Vinyle-008', format=2, channels=2, frequency=48000, lengthbytes=3744, lengthpcm=17139, pcmblocksize=0, loopstart=0, loopend=0, mode=0x00000000, channelmask=0x00000000, channelorder=0, peakvolume=0.150427.
[LOG] SystemI::createSoundInternal             : Create name='', mode=0x02000202
[LOG] SystemI::createSoundInternal             : exinfo->cbsize             = 224
[LOG] SystemI::createSoundInternal             : exinfo->length             = 3813728
[LOG] SystemI::createSoundInternal             : exinfo->fileoffset         = 64480
[LOG] SystemI::createSoundInternal             : exinfo->numsubsounds       = 1
[LOG] SystemI::createSoundInternal             : exinfo->inclusionlist      = 0000000053A1F5FC
[LOG] SystemI::createSoundInternal             : exinfo->inclusionlistnum   = 1
[LOG] SystemI::createSoundInternal             : exinfo->suggestedsoundtype = 5
[LOG] SystemI::createSoundInternal             : exinfo->useropen           = 00007FFBD52F6550
[LOG] SystemI::createSoundInternal             : exinfo->userclose          = 00007FFBD52F6520
[LOG] SystemI::createSoundInternal             : exinfo->userread           = 00007FFBD52F6620
[LOG] SystemI::createSoundInternal             : exinfo->userseek           = 00007FFBD52F66E0
[LOG] SystemI::createSoundInternal             : exinfo->fileuserdata       = 000000000DA9FBB8
[LOG] SystemI::createSoundInternal             : exinfo->initialseekpostype = 1
[LOG] SystemI::DSPCodecPoolRegister            : register codec pool for pool type 5
[LOG] SystemI::createSoundInternal             : Sample 0/1: name='Sfx_footsteps_Metal-002', format=2, channels=2, frequency=48000, lengthbytes=1984, lengthpcm=8995, pcmblocksize=0, loopstart=0, loopend=0, mode=0x00000000, channelmask=0x00000000, channelorder=0, peakvolume=0.086807.
[LOG] SystemI::createSoundInternal             : Create name='', mode=0x02000202
[LOG] SystemI::createSoundInternal             : exinfo->cbsize             = 224
[LOG] SystemI::createSoundInternal             : exinfo->length             = 3813728
[LOG] SystemI::createSoundInternal             : exinfo->fileoffset         = 64480
[LOG] SystemI::createSoundInternal             : exinfo->numsubsounds       = 1
[LOG] SystemI::createSoundInternal             : exinfo->inclusionlist      = 0000000053A1F5FC
[LOG] SystemI::createSoundInternal             : exinfo->inclusionlistnum   = 1
[LOG] SystemI::createSoundInternal             : exinfo->suggestedsoundtype = 5
[LOG] SystemI::createSoundInternal             : exinfo->useropen           = 00007FFBD52F6550
[LOG] SystemI::createSoundInternal             : exinfo->userclose          = 00007FFBD52F6520
[LOG] SystemI::createSoundInternal             : exinfo->userread           = 00007FFBD52F6620
[LOG] SystemI::createSoundInternal             : exinfo->userseek           = 00007FFBD52F66E0
[LOG] SystemI::createSoundInternal             : exinfo->fileuserdata       = 000000000DA9FBB8
[LOG] SystemI::createSoundInternal             : exinfo->initialseekpostype = 1
[LOG] SystemI::DSPCodecPoolRegister            : register codec pool for pool type 5
[LOG] SystemI::createSoundInternal             : Sample 0/1: name='Sfx_footsteps_Metal-004', format=2, channels=2, frequency=48000, lengthbytes=2496, lengthpcm=11169, pcmblocksize=0, loopstart=0, loopend=0, mode=0x00000000, channelmask=0x00000000, channelorder=0, peakvolume=0.065251.
[LOG] SystemI::createSoundInternal             : Create name='', mode=0x02000202
[LOG] SystemI::createSoundInternal             : exinfo->cbsize             = 224
[LOG] SystemI::createSoundInternal             : exinfo->length             = 3813728
[LOG] SystemI::createSoundInternal             : exinfo->fileoffset         = 64480
[LOG] SystemI::createSoundInternal             : exinfo->numsubsounds       = 1
[LOG] SystemI::createSoundInternal             : exinfo->inclusionlist      = 0000000053A1F5FC
[LOG] SystemI::createSoundInternal             : exinfo->inclusionlistnum   = 1
[LOG] SystemI::createSoundInternal             : exinfo->suggestedsoundtype = 5
[LOG] SystemI::createSoundInternal             : exinfo->useropen           = 00007FFBD52F6550
[LOG] SystemI::createSoundInternal             : exinfo->userclose          = 00007FFBD52F6520
[LOG] SystemI::createSoundInternal             : exinfo->userread           = 00007FFBD52F6620
[LOG] SystemI::createSoundInternal             : exinfo->userseek           = 00007FFBD52F66E0
[LOG] SystemI::createSoundInternal             : exinfo->fileuserdata       = 000000000DA9FBB8
[LOG] SystemI::createSoundInternal             : exinfo->initialseekpostype = 1
[LOG] SystemI::DSPCodecPoolRegister            : register codec pool for pool type 5
[LOG] SystemI::createSoundInternal             : Sample 0/1: name='Sfx_footsteps_Carpet-005', format=2, channels=2, frequency=48000, lengthbytes=2944, lengthpcm=15074, pcmblocksize=0, loopstart=0, loopend=0, mode=0x00000000, channelmask=0x00000000, channelorder=0, peakvolume=0.105837.
[LOG] SystemI::createSoundInternal             : Create name='', mode=0x02000202
[LOG] SystemI::createSoundInternal             : exinfo->cbsize             = 224
[LOG] SystemI::createSoundInternal             : exinfo->length             = 3813728
[LOG] SystemI::createSoundInternal             : exinfo->fileoffset         = 64480
[LOG] SystemI::createSoundInternal             : exinfo->numsubsounds       = 1
[LOG] SystemI::createSoundInternal             : exinfo->inclusionlist      = 0000000053A1F5FC
[LOG] SystemI::createSoundInternal             : exinfo->inclusionlistnum   = 1
[LOG] SystemI::createSoundInternal             : exinfo->suggestedsoundtype = 5
[LOG] SystemI::createSoundInternal             : exinfo->useropen           = 00007FFBD52F6550
[LOG] SystemI::createSoundInternal             : exinfo->userclose          = 00007FFBD52F6520
[LOG] SystemI::createSoundInternal             : exinfo->userread           = 00007FFBD52F6620
[LOG] SystemI::createSoundInternal             : exinfo->userseek           = 00007FFBD52F66E0
[LOG] SystemI::createSoundInternal             : exinfo->fileuserdata       = 000000000DA9FBB8
[LOG] SystemI::createSoundInternal             : exinfo->initialseekpostype = 1
[LOG] SystemI::DSPCodecPoolRegister            : register codec pool for pool type 5
[LOG] SystemI::createSoundInternal             : Sample 0/1: name='Sfx_footsteps_Vinyle-006', format=2, channels=2, frequency=48000, lengthbytes=4032, lengthpcm=18540, pcmblocksize=0, loopstart=0, loopend=0, mode=0x00000000, channelmask=0x00000000, channelorder=0, peakvolume=0.073024.
[LOG] SystemI::createSoundInternal             : Create name='', mode=0x02000202
[LOG] SystemI::createSoundInternal             : exinfo->cbsize             = 224
[LOG] SystemI::createSoundInternal             : exinfo->length             = 3813728
[LOG] SystemI::createSoundInternal             : exinfo->fileoffset         = 64480
[LOG] SystemI::createSoundInternal             : exinfo->numsubsounds       = 1
[LOG] SystemI::createSoundInternal             : exinfo->inclusionlist      = 0000000053A1F5FC
[LOG] SystemI::createSoundInternal             : exinfo->inclusionlistnum   = 1
[LOG] SystemI::createSoundInternal             : exinfo->suggestedsoundtype = 5
[LOG] SystemI::createSoundInternal             : exinfo->useropen           = 00007FFBD52F6550
[LOG] SystemI::createSoundInternal             : exinfo->userclose          = 00007FFBD52F6520
[LOG] SystemI::createSoundInternal             : exinfo->userread           = 00007FFBD52F6620
[LOG] SystemI::createSoundInternal             : exinfo->userseek           = 00007FFBD52F66E0
[LOG] SystemI::createSoundInternal             : exinfo->fileuserdata       = 000000000DA9FBB8
[LOG] SystemI::createSoundInternal             : exinfo->initialseekpostype = 1
[LOG] SystemI::DSPCodecPoolRegister            : register codec pool for pool type 5
[LOG] SystemI::createSoundInternal             : Sample 0/1: name='Sfx_footsteps_Vinyle-007', format=2, channels=2, frequency=48000, lengthbytes=3232, lengthpcm=14638, pcmblocksize=0, loopstart=0, loopend=0, mode=0x00000000, channelmask=0x00000000, channelorder=0, peakvolume=0.121821.
[LOG] SystemI::createSoundInternal             : Create name='', mode=0x02000202
[LOG] SystemI::createSoundInternal             : exinfo->cbsize             = 224
[LOG] SystemI::createSoundInternal             : exinfo->length             = 3813728
[LOG] SystemI::createSoundInternal             : exinfo->fileoffset         = 64480
[LOG] SystemI::createSoundInternal             : exinfo->numsubsounds       = 1
[LOG] SystemI::createSoundInternal             : exinfo->inclusionlist      = 0000000053A1F5FC
[LOG] SystemI::createSoundInternal             : exinfo->inclusionlistnum   = 1
[LOG] SystemI::createSoundInternal             : exinfo->suggestedsoundtype = 5
[LOG] SystemI::createSoundInternal             : exinfo->useropen           = 00007FFBD52F6550
[LOG] SystemI::createSoundInternal             : exinfo->userclose          = 00007FFBD52F6520
[LOG] SystemI::createSoundInternal             : exinfo->userread           = 00007FFBD52F6620
[LOG] SystemI::createSoundInternal             : exinfo->userseek           = 00007FFBD52F66E0
[LOG] SystemI::createSoundInternal             : exinfo->fileuserdata       = 000000000DA9FBB8
[LOG] SystemI::createSoundInternal             : exinfo->initialseekpostype = 1
[LOG] SystemI::DSPCodecPoolRegister            : register codec pool for pool type 5
[LOG] SystemI::createSoundInternal             : Sample 0/1: name='Sfx_footsteps_concrete-002', format=2, channels=2, frequency=48000, lengthbytes=2912, lengthpcm=12766, pcmblocksize=0, loopstart=0, loopend=0, mode=0x00000000, channelmask=0x00000000, channelorder=0, peakvolume=0.189383.
[LOG] SystemI::createSoundInternal             : Create name='', mode=0x02000202
[LOG] SystemI::createSoundInternal             : exinfo->cbsize             = 224
[LOG] SystemI::createSoundInternal             : exinfo->length             = 3813728
[LOG] SystemI::createSoundInternal             : exinfo->fileoffset         = 64480
[LOG] SystemI::createSoundInternal             : exinfo->numsubsounds       = 1
[LOG] SystemI::createSoundInternal             : exinfo->inclusionlist      = 0000000053A1F5FC
[LOG] SystemI::createSoundInternal             : exinfo->inclusionlistnum   = 1
[LOG] SystemI::createSoundInternal             : exinfo->suggestedsoundtype = 5
[LOG] SystemI::createSoundInternal             : exinfo->useropen           = 00007FFBD52F6550
[LOG] SystemI::createSoundInternal             : exinfo->userclose          = 00007FFBD52F6520
[LOG] SystemI::createSoundInternal             : exinfo->userread           = 00007FFBD52F6620
[LOG] SystemI::createSoundInternal             : exinfo->userseek           = 00007FFBD52F66E0
[LOG] SystemI::createSoundInternal             : exinfo->fileuserdata       = 000000000DA9FBB8
[LOG] SystemI::createSoundInternal             : exinfo->initialseekpostype = 1
[LOG] SystemI::DSPCodecPoolRegister            : register codec pool for pool type 5
[LOG] SystemI::createSoundInternal             : Sample 0/1: name='Sfx_footsteps_Carpet-003', format=2, channels=2, frequency=48000, lengthbytes=2944, lengthpcm=15285, pcmblocksize=0, loopstart=0, loopend=0, mode=0x00000000, channelmask=0x00000000, channelorder=0, peakvolume=0.058305.
[LOG] SystemI::createSoundInternal             : Create name='', mode=0x02000202
[LOG] SystemI::createSoundInternal             : exinfo->cbsize             = 224
[LOG] SystemI::createSoundInternal             : exinfo->length             = 3813728
[LOG] SystemI::createSoundInternal             : exinfo->fileoffset         = 64480
[LOG] SystemI::createSoundInternal             : exinfo->numsubsounds       = 1
[LOG] SystemI::createSoundInternal             : exinfo->inclusionlist      = 0000000053A1F5FC
[LOG] SystemI::createSoundInternal             : exinfo->inclusionlistnum   = 1
[LOG] SystemI::createSoundInternal             : exinfo->suggestedsoundtype = 5
[LOG] SystemI::createSoundInternal             : exinfo->useropen           = 00007FFBD52F6550
[LOG] SystemI::createSoundInternal             : exinfo->userclose          = 00007FFBD52F6520
[LOG] SystemI::createSoundInternal             : exinfo->userread           = 00007FFBD52F6620
[LOG] SystemI::createSoundInternal             : exinfo->userseek           = 00007FFBD52F66E0
[LOG] SystemI::createSoundInternal             : exinfo->fileuserdata       = 000000000DA9FBB8
[LOG] SystemI::createSoundInternal             : exinfo->initialseekpostype = 1
[LOG] SystemI::DSPCodecPoolRegister            : register codec pool for pool type 5
[LOG] SystemI::createSoundInternal             : Sample 0/1: name='Sfx_footsteps_Carpet-006', format=2, channels=2, frequency=48000, lengthbytes=3136, lengthpcm=15929, pcmblocksize=0, loopstart=0, loopend=0, mode=0x00000000, channelmask=0x00000000, channelorder=0, peakvolume=0.067762.
[LOG] SoundI::release                          :  (000000004ABFFEE8)
[LOG] SoundI::release                          :     Sfx_footsteps_concrete-001 (0000000015ED9908)
[LOG] SoundI::release                          :  (000000004ABFF648)
[LOG] SoundI::release                          :     Sfx_footsteps_concrete-002 (000000004ABFEE38)
[LOG] SoundI::release                          :  (000000004AC00058)
[LOG] SoundI::release                          :     Sfx_footsteps_concrete-003 (0000000042152928)
[LOG] SoundI::release                          :  (000000000DA869F8)
[LOG] SoundI::release                          :     Sfx_footsteps_concrete-004 (0000000015ED9768)
[LOG] SoundI::release                          :  (000000000DA86718)
[LOG] SoundI::release                          :     Sfx_footsteps_concrete-005 (000000004A23ED18)
[LOG] SoundI::release                          :  (000000000DA86888)
[LOG] SoundI::release                          :     Sfx_footsteps_concrete-006 (000000004A23E1B8)
[LOG] SoundI::release                          :  (000000000DA879C8)
[LOG] SoundI::release                          :     Sfx_footsteps_concrete-007 (0000000015E46788)
[LOG] SoundI::release                          :  (000000000DA85E78)
[LOG] SoundI::release                          :     Sfx_footsteps_Vinyle-001 (0000000015E47148)
[LOG] SoundI::release                          :  (000000000DA87578)
[LOG] SoundI::release                          :     Sfx_footsteps_Vinyle-002 (000000004A23DE78)
[LOG] SoundI::release                          :  (000000004ABFFD78)
[LOG] SoundI::release                          :     Sfx_footsteps_Vinyle-003 (0000000015ED9DE8)
[LOG] SoundI::release                          :  (000000004AC00EB8)
[LOG] SoundI::release                          :     Sfx_footsteps_Vinyle-004 (00000000421510C8)
[LOG] SoundI::release                          :  (000000000DA85D08)
[LOG] SoundI::release                          :     Sfx_footsteps_Vinyle-005 (000000004A23D998)
[LOG] SoundI::release                          :  (000000004AC004A8)
[LOG] SoundI::release                          :     Sfx_footsteps_Vinyle-006 (000000004ABFD438)
[LOG] SoundI::release                          :  (000000004AC008F8)
[LOG] SoundI::release                          :     Sfx_footsteps_Vinyle-007 (000000004ABFE478)
[LOG] SoundI::release                          :  (000000004ABFF368)
[LOG] SoundI::release                          :     Sfx_footsteps_Vinyle-008 (000000004ABFB078)
[LOG] SoundI::release                          :  (000000004ABFF1F8)
[LOG] SoundI::release                          :     Sfx_footsteps_Carpet-001 (0000000042151268)
[LOG] SoundI::release                          :  (000000000DA876E8)
[LOG] SoundI::release                          :     Sfx_footsteps_Carpet-002 (0000000015E46FA8)
[LOG] SoundI::release                          :  (000000004AC00618)
[LOG] SoundI::release                          :     Sfx_footsteps_Carpet-003 (000000004ABFC8D8)
[LOG] SoundI::release                          :  (000000004AC00BD8)
[LOG] SoundI::release                          :     Sfx_footsteps_Carpet-004 (0000000042152C68)
[LOG] SoundI::release                          :  (000000004ABFFA98)
[LOG] SoundI::release                          :     Sfx_footsteps_Carpet-005 (000000004ABFB218)
[LOG] SoundI::release                          :  (000000004ABFFC08)
[LOG] SoundI::release                          :     Sfx_footsteps_Carpet-006 (000000004ABFB3B8)
[LOG] SoundI::release                          :  (000000004ABFF4D8)
[LOG] SoundI::release                          :     Sfx_footsteps_Metal-001 (000000004A315EC8)
[LOG] SoundI::release                          :  (000000004AC001C8)
[LOG] SoundI::release                          :     Sfx_footsteps_Metal-002 (000000004ABFBF18)
[LOG] SoundI::release                          :  (000000000DA862C8)
[LOG] SoundI::release                          :     Sfx_footsteps_Metal-003 (000000004A23E018)
[LOG] SoundI::release                          :  (000000004AC00338)
[LOG] SoundI::release                          :     Sfx_footsteps_Metal-004 (000000004ABFC0B8)
[LOG] SoundI::release                          :  (000000000DA87B38)
[LOG] SoundI::release                          :     Sfx_footsteps_Metal-005 (0000000015E477C8)
[LOG] SoundI::release                          :  (000000000DA86438)
[LOG] SoundI::release                          :     Sfx_footsteps_Metal-006 (0000000015EDAFC8)
[LOG] SoundI::release                          :  (000000000DA86FB8)
[LOG] SoundI::release                          :     Player goes to select extinguisher. Player then exits extinguisher menu-003 (0000000015ECF198)
[LOG] SoundI::release                          :  (000000004A469338)
[LOG] SoundI::release                          :     Scene 1_ On scene wake #2 (0000000042959EB8)
[LOG] SoundI::release                          :  (000000000DA87858)
[LOG] SoundI::release                          :     If player takes too long (0000000015ECEE58)
[LOG] SoundI::release                          :  (000000000DA87298)
[LOG] SoundI::release                          :     If player takes too long clearing the boxes (0000000015ECD938)
[LOG] SoundI::release                          :  (000000000DA85FE8)
[LOG] SoundI::release                          :     Upon completion of minigame (0000000015ECDFB8)
[LOG] SoundI::release                          :  (000000000DA87408)
[LOG] SoundI::release                          :     If player chooses the wrong extinguisher and uses it on the fire-002 (0000000015ECD5F8)
[LOG] SoundI::release                          :  (000000004A469A68)
[LOG] SoundI::release                          :     If player chooses the correct extinguisher and uses it-001 (000000004295B238)
[LOG] SoundI::release                          :  (0000000012670AE8)
[LOG] SoundI::release                          :     If player chooses the correct extinguisher and uses it-002 (000000004295AEF8)
[LOG] SoundI::release                          :  (000000004A469D48)
[LOG] SoundI::release                          :     Player goes to select extinguisher. Player then exits extinguisher menu-001 (00000000429599D8)
[LOG] SoundI::release                          :  (0000000012670698)
[LOG] SoundI::release                          :     A fire breaks out during the level (000000004295AA18)
[LOG] SoundI::release                          :  (000000004A4698F8)
[LOG] SoundI::release                          :     Gas Fire Room (000000004295A1F8)
[LOG] SoundI::release                          :  (00000000126717D8)
[LOG] SoundI::release                          :     If player chooses the wrong extinguisher and uses it on the fire-003 (000000004295B3D8)
[LOG] SoundI::release                          :  (000000000DA865A8)
[LOG] SoundI::release                          :     The player deals with a hazard, including a fire (000000004A1D8A58)
[LOG] SoundI::release                          :  (0000000012670F38)
[LOG] SoundI::release                          :     If player finds No Smoking sign, NPCs will leave (000000004295AD58)
[LOG] SoundI::release                          :  (000000004A4694A8)
[LOG] SoundI::release                          :     If player chooses the wrong extinguisher and uses it on the fire-001 (000000004295A538)
[LOG] SoundI::release                          :  (000000000DA86B68)
[LOG] SoundI::release                          :     Scene 1_ On scene wake (0000000015ECE158)
[LOG] SoundI::release                          :  (000000000DA87128)
[LOG] SoundI::release                          :     If player chooses the correct extinguisher and uses it-004 (000000004A1D7A18)
[LOG] SoundI::release                          :  (000000004A469BD8)
[LOG] SoundI::release                          :     Section 1_ Risk Assessment (000000004295B718)
[LOG] SoundI::release                          :  (000000000DA86CD8)
[LOG] SoundI::release                          :     Section 2_ Dealing with Fire - Next (0000000015ECEB18)
[LOG] SoundI::release                          :  (00000000126714F8)
[LOG] SoundI::release                          :     If player chooses the wrong extinguisher and uses it on the fire-004 (000000004295ABB8)
[LOG] SoundI::release                          :  (000000000DA86E48)
[LOG] SoundI::release                          :     If player chooses the correct extinguisher and uses it-003 (000000004A1D9418)
[LOG] SoundI::release                          :  (00000000126703B8)
[LOG] SoundI::release                          :     Player goes to select extinguisher. Player then exits extinguisher menu-002 (0000000042959D18)
[LOG] SoundI::release                          :  (000000000DA86158)
[LOG] SoundI::release                          :     Section 3_ - End (0000000015ECDE18)
[LOG] SoundI::release                          :  (0000000012670978)
[LOG] SoundI::release                          :     Liquid Fire Room (0000000042959B78)
[LOG] SoundI::release                          :  (000000004A469788)
[LOG] SoundI::release                          :     The player deals with a hazard, including a fire - Next (000000004295A398)
[LOG] SoundI::release                          :  (000000004A46A028)
[LOG] SoundI::release                          :     Player goes to select extinguisher. Player then exits extinguisher menu-004 (000000004295B578)
[LOG] SoundI::release                          :  (000000004A469EB8)
[LOG] SoundI::release                          :     Player moves around environment, encounters hazard. Hazard is highlighted (000000004295A058)
[LOG] SoundI::release                          :  (000000004A469618)
[LOG] SoundI::release                          :     Player moves onto the next room (000000004295B098)
[LOG] Thread::callback                         : FMOD Studio update thread finished.
[LOG] Thread::callback                         : FMOD Studio bank load thread finished.
[LOG] Profile::disconnectAll                   : Profiler disconnecting all clients
[LOG] Thread::callback                         : FMOD Studio sample load thread finished.
[LOG] LiveUpdate::release                      : 
[LOG] LiveUpdate::reset                        : Reset connection (reason Disconnected)
[LOG] Thread::callback                         : FMOD stream thread finished.
[LOG] Thread::callback                         : FMOD mixer thread finished.
[LOG] Profile::disconnectAll                   : Profiler disconnecting all clients
[LOG] SystemI::close                           : Closed.
[LOG] Manager::readBank                        : fileversion = 119, compatVersion = 119 (oldest = 44, newest = 119)
[LOG] Manager::readBank                        : fileversion = 119, compatVersion = 119 (oldest = 44, newest = 119)
[LOG] Manager::readBank                        : fileversion = 119, compatVersion = 119 (oldest = 44, newest = 119)
[LOG] Manager::readBank                        : fileversion = 119, compatVersion = 119 (oldest = 44, newest = 119)
[LOG] Manager::readBank                        : fileversion = 119, compatVersion = 119 (oldest = 44, newest = 119)
[LOG] PlaybackSystem::acquireMasterBus         : Setting master channel group format to 6
